<?xml version="1.0" encoding="UTF-8" ?>
<testsuite tests="3" failures="0" name="com.mycompany.javabasic.NewEmptyJUnitTest" time="0.287" errors="0" skipped="0">
  <properties>
    <property name="java.runtime.name" value="OpenJDK Runtime Environment"/>
    <property name="java.vm.version" value="19.0.1+10-jvmci-22.3-b08"/>
    <property name="sun.boot.library.path" value="/Library/Java/JavaVirtualMachines/graalvm-ce-java19-22.3.0/Contents/Home/lib"/>
    <property name="maven.multiModuleProjectDirectory" value="/Users/Fernando.Scasserra/code/Varios/javaBasic"/>
    <property name="java.vm.vendor" value="GraalVM Community"/>
    <property name="java.vendor.url" value="https://www.graalvm.org/"/>
    <property name="guice.disable.misplaced.annotation.check" value="true"/>
    <property name="path.separator" value=":"/>
    <property name="java.vm.name" value="OpenJDK 64-Bit Server VM"/>
    <property name="user.country" value="419"/>
    <property name="sun.java.launcher" value="SUN_STANDARD"/>
    <property name="java.vm.specification.name" value="Java Virtual Machine Specification"/>
    <property name="user.dir" value="/Users/Fernando.Scasserra/code/Varios/javaBasic"/>
    <property name="java.vm.compressedOopsMode" value="Zero based"/>
    <property name="java.runtime.version" value="19.0.1+10-jvmci-22.3-b08"/>
    <property name="os.arch" value="aarch64"/>
    <property name="java.io.tmpdir" value="/var/folders/j6/hgsv1p6x2fn55j9lhpgyn12r0000gp/T/"/>
    <property name="line.separator" value="
"/>
    <property name="java.vm.specification.vendor" value="Oracle Corporation"/>
    <property name="stderr.encoding" value="UTF-8"/>
    <property name="jdk.internal.vm.ci.enabled" value="true"/>
    <property name="os.name" value="Mac OS X"/>
    <property name="maven.ext.class.path" value="/Applications/NetBeans/Apache NetBeans 14.app/Contents/Resources/NetBeans/netbeans/java/maven-nblib/netbeans-eventspy.jar:/Applications/NetBeans/Apache NetBeans 14.app/Contents/Resources/NetBeans/netbeans/java/maven-nblib/netbeans-eventspy.jar"/>
    <property name="classworlds.conf" value="/Applications/NetBeans/Apache NetBeans 14.app/Contents/Resources/NetBeans/netbeans/java/maven/bin/m2.conf"/>
    <property name="sun.jnu.encoding" value="UTF-8"/>
    <property name="stdout.encoding" value="UTF-8"/>
    <property name="java.library.path" value="/Users/Fernando.Scasserra/Library/Java/Extensions:/Library/Java/Extensions:/Network/Library/Java/Extensions:/System/Library/Java/Extensions:/usr/lib/java:."/>
    <property name="maven.conf" value="/Applications/NetBeans/Apache NetBeans 14.app/Contents/Resources/NetBeans/netbeans/java/maven/conf"/>
    <property name="jdk.debug" value="release"/>
    <property name="java.class.version" value="63.0"/>
    <property name="java.specification.name" value="Java Platform API Specification"/>
    <property name="sun.management.compiler" value="HotSpot 64-Bit Tiered Compilers"/>
    <property name="os.version" value="11.7.2"/>
    <property name="library.jansi.path" value="/Applications/NetBeans/Apache NetBeans 14.app/Contents/Resources/NetBeans/netbeans/java/maven/lib/jansi-native"/>
    <property name="http.nonProxyHosts" value="local|*.local|169.254/16|*.169.254/16"/>
    <property name="user.home" value="/Users/Fernando.Scasserra"/>
    <property name="user.timezone" value="America/Mexico_City"/>
    <property name="file.encoding" value="UTF-8"/>
    <property name="java.specification.version" value="19"/>
    <property name="user.name" value="Fernando.Scasserra"/>
    <property name="java.class.path" value="/Applications/NetBeans/Apache NetBeans 14.app/Contents/Resources/NetBeans/netbeans/java/maven/boot/plexus-classworlds-2.6.0.jar"/>
    <property name="java.vm.specification.version" value="19"/>
    <property name="sun.arch.data.model" value="64"/>
    <property name="sun.java.command" value="org.codehaus.plexus.classworlds.launcher.Launcher -Dmaven.ext.class.path=/Applications/NetBeans/Apache NetBeans 14.app/Contents/Resources/NetBeans/netbeans/java/maven-nblib/netbeans-eventspy.jar:/Applications/NetBeans/Apache NetBeans 14.app/Contents/Resources/NetBeans/netbeans/java/maven-nblib/netbeans-eventspy.jar test"/>
    <property name="java.home" value="/Library/Java/JavaVirtualMachines/graalvm-ce-java19-22.3.0/Contents/Home"/>
    <property name="apple.awt.application.name" value="Launcher"/>
    <property name="user.language" value="es"/>
    <property name="java.specification.vendor" value="Oracle Corporation"/>
    <property name="java.vm.info" value="mixed mode, sharing"/>
    <property name="java.version" value="19.0.1"/>
    <property name="native.encoding" value="UTF-8"/>
    <property name="java.vendor" value="GraalVM Community"/>
    <property name="maven.home" value="/Applications/NetBeans/Apache NetBeans 14.app/Contents/Resources/NetBeans/netbeans/java/maven"/>
    <property name="file.separator" value="/"/>
    <property name="java.version.date" value="2022-10-18"/>
    <property name="java.vendor.url.bug" value="https://github.com/oracle/graal/issues"/>
    <property name="sun.io.unicode.encoding" value="UnicodeBig"/>
    <property name="sun.cpu.endian" value="little"/>
    <property name="java.vendor.version" value="GraalVM CE 22.3.0"/>
    <property name="socksNonProxyHosts" value="local|*.local|169.254/16|*.169.254/16"/>
    <property name="ftp.nonProxyHosts" value="local|*.local|169.254/16|*.169.254/16"/>
  </properties>
  <testcase classname="com.mycompany.javabasic.NewEmptyJUnitTest" name="com.mycompany.javabasic.NewEmptyJUnitTest.testGreetings" time="0.004"/>
  <testcase classname="com.mycompany.javabasic.NewEmptyJUnitTest" name="com.mycompany.javabasic.NewEmptyJUnitTest.testJsonToMap" time="0.019"/>
  <testcase classname="com.mycompany.javabasic.NewEmptyJUnitTest" name="com.mycompany.javabasic.NewEmptyJUnitTest.testGetAPI" time="0.264"/>
</testsuite>